<?xml version="1.0" encoding="UTF-8"?>
<testsuite name="com.example.CarRental.CarRentalApplicationTests" tests="1" skipped="0" failures="0" errors="0" timestamp="2019-11-15T13:21:09" hostname="LAPTOP-32P3M9CQ" time="0.647">
  <properties/>
  <testcase name="contextLoads()" classname="com.example.CarRental.CarRentalApplicationTests" time="0.647"/>
  <system-out><![CDATA[14:21:05.265 [Test worker] DEBUG org.springframework.test.context.BootstrapUtils - Instantiating CacheAwareContextLoaderDelegate from class [org.springframework.test.context.cache.DefaultCacheAwareContextLoaderDelegate]
14:21:05.304 [Test worker] DEBUG org.springframework.test.context.BootstrapUtils - Instantiating BootstrapContext using constructor [public org.springframework.test.context.support.DefaultBootstrapContext(java.lang.Class,org.springframework.test.context.CacheAwareContextLoaderDelegate)]
14:21:05.375 [Test worker] DEBUG org.springframework.test.context.BootstrapUtils - Instantiating TestContextBootstrapper for test class [com.example.CarRental.CarRentalApplicationTests] from class [org.springframework.boot.test.context.SpringBootTestContextBootstrapper]
14:21:05.405 [Test worker] INFO org.springframework.boot.test.context.SpringBootTestContextBootstrapper - Neither @ContextConfiguration nor @ContextHierarchy found for test class [com.example.CarRental.CarRentalApplicationTests], using SpringBootContextLoader
14:21:05.414 [Test worker] DEBUG org.springframework.test.context.support.AbstractContextLoader - Did not detect default resource location for test class [com.example.CarRental.CarRentalApplicationTests]: class path resource [com/example/CarRental/CarRentalApplicationTests-context.xml] does not exist
14:21:05.415 [Test worker] DEBUG org.springframework.test.context.support.AbstractContextLoader - Did not detect default resource location for test class [com.example.CarRental.CarRentalApplicationTests]: class path resource [com/example/CarRental/CarRentalApplicationTestsContext.groovy] does not exist
14:21:05.416 [Test worker] INFO org.springframework.test.context.support.AbstractContextLoader - Could not detect default resource locations for test class [com.example.CarRental.CarRentalApplicationTests]: no resource found for suffixes {-context.xml, Context.groovy}.
14:21:05.417 [Test worker] INFO org.springframework.test.context.support.AnnotationConfigContextLoaderUtils - Could not detect default configuration classes for test class [com.example.CarRental.CarRentalApplicationTests]: CarRentalApplicationTests does not declare any static, non-private, non-final, nested classes annotated with @Configuration.
14:21:05.496 [Test worker] DEBUG org.springframework.test.context.support.ActiveProfilesUtils - Could not find an 'annotation declaring class' for annotation type [org.springframework.test.context.ActiveProfiles] and class [com.example.CarRental.CarRentalApplicationTests]
14:21:05.678 [Test worker] DEBUG org.springframework.context.annotation.ClassPathScanningCandidateComponentProvider - Identified candidate component class: file [C:\Users\Tristan\Desktop\CarRental\build\classes\java\main\com\example\CarRental\CarRentalApplication.class]
14:21:05.681 [Test worker] INFO org.springframework.boot.test.context.SpringBootTestContextBootstrapper - Found @SpringBootConfiguration com.example.CarRental.CarRentalApplication for test class com.example.CarRental.CarRentalApplicationTests
14:21:05.951 [Test worker] DEBUG org.springframework.boot.test.context.SpringBootTestContextBootstrapper - @TestExecutionListeners is not present for class [com.example.CarRental.CarRentalApplicationTests]: using defaults.
14:21:05.952 [Test worker] INFO org.springframework.boot.test.context.SpringBootTestContextBootstrapper - Loaded default TestExecutionListener class names from location [META-INF/spring.factories]: [org.springframework.boot.test.autoconfigure.restdocs.RestDocsTestExecutionListener, org.springframework.boot.test.autoconfigure.web.client.MockRestServiceServerResetTestExecutionListener, org.springframework.boot.test.autoconfigure.web.servlet.MockMvcPrintOnlyOnFailureTestExecutionListener, org.springframework.boot.test.autoconfigure.web.servlet.WebDriverTestExecutionListener, org.springframework.boot.test.mock.mockito.MockitoTestExecutionListener, org.springframework.boot.test.mock.mockito.ResetMocksTestExecutionListener, org.springframework.test.context.web.ServletTestExecutionListener, org.springframework.test.context.support.DirtiesContextBeforeModesTestExecutionListener, org.springframework.test.context.support.DependencyInjectionTestExecutionListener, org.springframework.test.context.support.DirtiesContextTestExecutionListener, org.springframework.test.context.transaction.TransactionalTestExecutionListener, org.springframework.test.context.jdbc.SqlScriptsTestExecutionListener, org.springframework.test.context.event.EventPublishingTestExecutionListener]
14:21:05.982 [Test worker] DEBUG org.springframework.boot.test.context.SpringBootTestContextBootstrapper - Skipping candidate TestExecutionListener [org.springframework.test.context.transaction.TransactionalTestExecutionListener] due to a missing dependency. Specify custom listener classes or make the default listener classes and their required dependencies available. Offending class: [org/springframework/transaction/TransactionDefinition]
14:21:05.984 [Test worker] DEBUG org.springframework.boot.test.context.SpringBootTestContextBootstrapper - Skipping candidate TestExecutionListener [org.springframework.test.context.jdbc.SqlScriptsTestExecutionListener] due to a missing dependency. Specify custom listener classes or make the default listener classes and their required dependencies available. Offending class: [org/springframework/transaction/interceptor/TransactionAttribute]
14:21:05.984 [Test worker] INFO org.springframework.boot.test.context.SpringBootTestContextBootstrapper - Using TestExecutionListeners: [org.springframework.test.context.web.ServletTestExecutionListener@46e716e4, org.springframework.test.context.support.DirtiesContextBeforeModesTestExecutionListener@32ee4746, org.springframework.boot.test.mock.mockito.MockitoTestExecutionListener@50379d3e, org.springframework.boot.test.autoconfigure.SpringBootDependencyInjectionTestExecutionListener@76c66f3d, org.springframework.test.context.support.DirtiesContextTestExecutionListener@8e81737, org.springframework.test.context.event.EventPublishingTestExecutionListener@487ca51b, org.springframework.boot.test.autoconfigure.restdocs.RestDocsTestExecutionListener@24ce0f47, org.springframework.boot.test.autoconfigure.web.client.MockRestServiceServerResetTestExecutionListener@61b42364, org.springframework.boot.test.autoconfigure.web.servlet.MockMvcPrintOnlyOnFailureTestExecutionListener@292dd1ca, org.springframework.boot.test.autoconfigure.web.servlet.WebDriverTestExecutionListener@454ed89, org.springframework.boot.test.mock.mockito.ResetMocksTestExecutionListener@50347e73]
14:21:05.996 [Test worker] DEBUG org.springframework.test.context.support.AbstractDirtiesContextTestExecutionListener - Before test class: context [DefaultTestContext@1cd20ed5 testClass = CarRentalApplicationTests, testInstance = [null], testMethod = [null], testException = [null], mergedContextConfiguration = [WebMergedContextConfiguration@78697dcf testClass = CarRentalApplicationTests, locations = '{}', classes = '{class com.example.CarRental.CarRentalApplication}', contextInitializerClasses = '[]', activeProfiles = '{}', propertySourceLocations = '{}', propertySourceProperties = '{org.springframework.boot.test.context.SpringBootTestContextBootstrapper=true}', contextCustomizers = set[org.springframework.boot.test.autoconfigure.properties.PropertyMappingContextCustomizer@0, org.springframework.boot.test.autoconfigure.web.servlet.WebDriverContextCustomizerFactory$Customizer@588dc5f6, org.springframework.boot.test.context.filter.ExcludeFilterContextCustomizer@7f88ab99, org.springframework.boot.test.json.DuplicateJsonObjectContextCustomizerFactory$DuplicateJsonObjectContextCustomizer@60d38d0d, org.springframework.boot.test.mock.mockito.MockitoContextCustomizer@0, org.springframework.boot.test.web.client.TestRestTemplateContextCustomizer@6ddbaab6], resourceBasePath = 'src/main/webapp', contextLoader = 'org.springframework.boot.test.context.SpringBootContextLoader', parent = [null]], attributes = map['org.springframework.test.context.web.ServletTestExecutionListener.activateListener' -> true]], class annotated with @DirtiesContext [false] with mode [null].
14:21:06.069 [Test worker] DEBUG org.springframework.test.context.support.TestPropertySourceUtils - Adding inlined properties to environment: {spring.jmx.enabled=false, org.springframework.boot.test.context.SpringBootTestContextBootstrapper=true, server.port=-1}

  .   ____          _            __ _ _
 /\\ / ___'_ __ _ _(_)_ __  __ _ \ \ \ \
( ( )\___ | '_ | '_| | '_ \/ _` | \ \ \ \
 \\/  ___)| |_)| | | | | || (_| |  ) ) ) )
  '  |____| .__|_| |_|_| |_\__, | / / / /
 =========|_|==============|___/=/_/_/_/
 :: Spring Boot ::        (v2.2.1.RELEASE)

2019-11-15 14:21:06.762  INFO 19112 --- [    Test worker] c.e.CarRental.CarRentalApplicationTests  : Starting CarRentalApplicationTests on LAPTOP-32P3M9CQ with PID 19112 (started by Tristan in C:\Users\Tristan\Desktop\CarRental)
2019-11-15 14:21:06.764  INFO 19112 --- [    Test worker] c.e.CarRental.CarRentalApplicationTests  : No active profile set, falling back to default profiles: default
2019-11-15 14:21:09.413  INFO 19112 --- [    Test worker] o.s.s.concurrent.ThreadPoolTaskExecutor  : Initializing ExecutorService 'applicationTaskExecutor'
2019-11-15 14:21:09.947  INFO 19112 --- [    Test worker] c.e.CarRental.CarRentalApplicationTests  : Started CarRentalApplicationTests in 3.852 seconds (JVM running for 7.436)
]]></system-out>
  <system-err><![CDATA[]]></system-err>
</testsuite>
